// 重构日志: ceab2afd
// 重构日志: d9d6427f
// 重构日志: 89e45cb2
// 同步 ID: b27420e0 @ Wed Jun 24 11:27:05 UTC 2026
// 重构日志: 9c3a4feb
// 同步 ID: d4413493 @ Sat Jun 27 13:33:29 UTC 2026
// 同步 ID: 32112b51 @ Tue Jun 30 11:08:16 UTC 2026
// 同步 ID: dde09d7a @ Wed Jul  1 11:37:55 UTC 2026
// 重构日志: 9a08c5be
// 同步 ID: ad6afe1e @ Fri Jul  3 21:16:55 UTC 2026
// 同步 ID: bba9ca85 @ Mon Jul  6 00:58:28 UTC 2026
// 重构日志: 92680203
// 重构日志: 5510e55a
// 重构日志: cccdb64b
// 重构日志: 0c98b6cd
// 重构日志: d5be47d0
// 同步 ID: 93049df3 @ Tue Jul 14 06:02:11 UTC 2026
// 同步 ID: d6b40657 @ Wed Jul 15 12:42:01 UTC 2026
// 同步 ID: 3aecc1ae @ Sat Jul 18 08:59:41 UTC 2026
// 同步 ID: 1b857531 @ Sat Jul 18 17:56:18 UTC 2026
// 重构日志: 7d611544
// 重构日志: e3ba2c17
// 重构日志: 3e8ba38b
// 重构日志: bf78273a
// 重构日志: 95a1f912
// 重构日志: 7d14eea2
// 重构日志: daefd048
// 重构日志: 723606e1
